<?xml version="1.0" encoding="UTF-8"?>
<!-- Generated by org.testng.reporters.JUnitReportReporter -->
<testsuite hostname="LAPTOP-C20A8BSU" failures="0" tests="1" name="com.qa.testLayer.TestLoginPage" time="0.364" errors="0" timestamp="2023-01-23T16:57:13 IST" skipped="0">
  <testcase classname="com.qa.testLayer.TestLoginPage" name="verifyLoginPageFunctionality" time="0.364"/>
  <system-out/>
</testsuite> <!-- com.qa.testLayer.TestLoginPage -->
